
> vibe-generated-app@1.0.0 dev
> vite


  VITE v5.4.20  ready in 197 ms

  ➜  Local:   http://localhost:3000/
  ➜  Network: http://172.20.7.83:3000/
8:44:16 AM [vite] Pre-transform error: [postcss] /home/workspace/src/index.css:1:1: The `bg-background` class does not exist. If `bg-background` is a custom class, make sure it is defined within a `@layer` directive.
8:44:16 AM [vite] Pre-transform error: [postcss] /home/workspace/src/index.css:1:1: The `bg-background` class does not exist. If `bg-background` is a custom class, make sure it is defined within a `@layer` directive.
8:44:18 AM [vite] Internal server error: [postcss] /home/workspace/src/index.css:1:1: The `bg-background` class does not exist. If `bg-background` is a custom class, make sure it is defined within a `@layer` directive.
  Plugin: vite:css
  File: /home/workspace/src/index.css:1:0
  1  |  @tailwind base;
     |  ^
  2  |  @tailwind components;
  3  |  @tailwind utilities;
      at Input.error (/home/workspace/node_modules/postcss/lib/input.js:135:16)
      at AtRule.error (/home/workspace/node_modules/postcss/lib/node.js:146:32)
      at processApply (/home/workspace/node_modules/tailwindcss/lib/lib/expandApplyAtRules.js:380:29)
      at /home/workspace/node_modules/tailwindcss/lib/lib/expandApplyAtRules.js:551:9
      at /home/workspace/node_modules/tailwindcss/lib/processTailwindFeatures.js:55:50
      at async plugins (/home/workspace/node_modules/tailwindcss/lib/plugin.js:38:17)
      at async LazyResult.runAsync (/home/workspace/node_modules/postcss/lib/lazy-result.js:293:11)
      at async compileCSS (file:///home/workspace/node_modules/vite/dist/node/chunks/dep-D_zLpgQd.js:36898:21)
      at async TransformPluginContext.transform (file:///home/workspace/node_modules/vite/dist/node/chunks/dep-D_zLpgQd.js:36171:11)
      at async PluginContainer.transform (file:///home/workspace/node_modules/vite/dist/node/chunks/dep-D_zLpgQd.js:49099:18)
8:44:38 AM [vite] Internal server error: [postcss] /home/workspace/src/index.css:1:1: The `bg-background` class does not exist. If `bg-background` is a custom class, make sure it is defined within a `@layer` directive.
  Plugin: vite:css
  File: /home/workspace/src/index.css:1:0
  1  |  @tailwind base;
     |  ^
  2  |  @tailwind components;
  3  |  @tailwind utilities;
      at Input.error (/home/workspace/node_modules/postcss/lib/input.js:135:16)
      at AtRule.error (/home/workspace/node_modules/postcss/lib/node.js:146:32)
      at processApply (/home/workspace/node_modules/tailwindcss/lib/lib/expandApplyAtRules.js:380:29)
      at /home/workspace/node_modules/tailwindcss/lib/lib/expandApplyAtRules.js:551:9
      at /home/workspace/node_modules/tailwindcss/lib/processTailwindFeatures.js:55:50
      at async plugins (/home/workspace/node_modules/tailwindcss/lib/plugin.js:38:17)
      at async LazyResult.runAsync (/home/workspace/node_modules/postcss/lib/lazy-result.js:293:11)
      at async compileCSS (file:///home/workspace/node_modules/vite/dist/node/chunks/dep-D_zLpgQd.js:36898:21)
      at async TransformPluginContext.transform (file:///home/workspace/node_modules/vite/dist/node/chunks/dep-D_zLpgQd.js:36171:11)
      at async PluginContainer.transform (file:///home/workspace/node_modules/vite/dist/node/chunks/dep-D_zLpgQd.js:49099:18)
